0	1	mikroCARM.exe -MSF -DBG -pSTM32F407VG -BIN -LHF -DL -SSA -O11111114 -fo140 -N"C:\Users\Viktor\Desktop\EKG_PROJECT\Firmware\STM32\ekg_firmware.mcpar" -SP"C:\Users\Public\Documents\Mikroelektronika\mikroC PRO for ARM\Defs\" -SP"C:\Users\Public\Documents\Mikroelektronika\mikroC PRO for ARM\Uses\" -SP"C:\Users\Viktor\Desktop\EKG_PROJECT\Firmware\STM32\" -SP"C:\Users\Public\Documents\Mikroelektronika\mikroC PRO for ARM\Uses\ST M4\" "ekg_firmware.c" "__Lib_Math.emcl" "__Lib_MathDouble.emcl" "__Lib_Delays.emcl" "__Lib_System_4XX.emcl" "__Lib_GPIO_32F4xx_Defs.emcl" "__Lib_GPIO_32F4xx.emcl" "__Lib_CType.emcl" "__Lib_CString.emcl" "__Lib_Conversions.emcl" "__Lib_Sprintf.emcl" "__Lib_Button.emcl" "__Lib_ADC_123_32F20x_16ch.emcl" "__Lib_UART_123_45_6.emcl"	 
diagnostics: 0	122	Compilation Started	STM32F407VG.c
diagnostics: 58983	123	Compiled Successfully	STM32F407VG.c
diagnostics: 0	122	Compilation Started	__Lib_Delays.c
diagnostics: 119	123	Compiled Successfully	__Lib_Delays.c
hint: 66	1164	Variable 'cycles_div_by_10' has been eliminated by optimizer	__Lib_Delays.c
hint: 88	1164	Variable 'NumberOfCyc' has been eliminated by optimizer	__Lib_Delays.c
hint: 105	1164	Variable 'NumberOfCyc' has been eliminated by optimizer	__Lib_Delays.c
diagnostics: 0	122	Compilation Started	__lib_gpio.h
diagnostics: 870	123	Compiled Successfully	__Lib_GPIO_32F4xx_Defs.c
diagnostics: 0	122	Compilation Started	stdint.h
hint: 0	1004	interrupt handler (Timer2_interrupt at 0x002C)	ekg_firmware.c
diagnostics: 94	123	Compiled Successfully	ekg_firmware.c
hint: 24	1164	Variable 'adc_read' has been eliminated by optimizer	ekg_firmware.c
hint: 26	1164	Variable 'i' has been eliminated by optimizer	ekg_firmware.c
diagnostics: 0	127	All files Compiled in 15 ms	 
hint: 0	1144	Used RX: 16 (100%)   Free RX: 0 (0%)	Used RX: 16 (100%)   Free RX: 0 (0%)
hint: 0	1144	Static RAM (bytes): 87   Dynamic RAM (bytes): 130977	Static RAM (bytes): 87   Dynamic RAM (bytes): 130977
hint: 0	1144	Used ROM (bytes): 12182 (1%)  Free ROM (bytes): 1036394 (99%)	Used ROM (bytes): 12182 (1%)  Free ROM (bytes): 1036394 (99%)
diagnostics: 0	125	Project Linked Successfully	ekg_firmware.mcpar
diagnostics: 0	128	Linked in 344 ms	 
diagnostics: 0	129	Project 'ekg_firmware.mcpar' completed: 1281 ms	 
diagnostics: 0	103	Finished successfully: 21 Oct 2016, 11:45:00	ekg_firmware.mcpar
